Performing C SOURCE FILE Test CMAKE_HAVE_LIBC_PTHREAD failed with the following output:
Change Dir: /home/jiangyu/catkin_jiangyu/src/rebot3i/build/CMakeFiles/CMakeTmp

Run Build Command(s):/usr/bin/make cmTC_90b20/fast && /usr/bin/make -f CMakeFiles/cmTC_90b20.dir/build.make CMakeFiles/cmTC_90b20.dir/build
make[1]: 进入目录“/home/jiangyu/catkin_jiangyu/src/rebot3i/build/CMakeFiles/CMakeTmp”
Building C object CMakeFiles/cmTC_90b20.dir/src.c.o
/usr/bin/cc   -DCMAKE_HAVE_LIBC_PTHREAD   -o CMakeFiles/cmTC_90b20.dir/src.c.o   -c /home/jiangyu/catkin_jiangyu/src/rebot3i/build/CMakeFiles/CMakeTmp/src.c
Linking C executable cmTC_90b20
/usr/bin/cmake -E cmake_link_script CMakeFiles/cmTC_90b20.dir/link.txt --verbose=1
/usr/bin/cc  -DCMAKE_HAVE_LIBC_PTHREAD    -rdynamic CMakeFiles/cmTC_90b20.dir/src.c.o  -o cmTC_90b20 
/usr/bin/ld: CMakeFiles/cmTC_90b20.dir/src.c.o: in function `main':
src.c:(.text+0x46): undefined reference to `pthread_create'
/usr/bin/ld: src.c:(.text+0x52): undefined reference to `pthread_detach'
/usr/bin/ld: src.c:(.text+0x63): undefined reference to `pthread_join'
collect2: error: ld returned 1 exit status
make[1]: *** [CMakeFiles/cmTC_90b20.dir/build.make:87：cmTC_90b20] 错误 1
make[1]: 离开目录“/home/jiangyu/catkin_jiangyu/src/rebot3i/build/CMakeFiles/CMakeTmp”
make: *** [Makefile:121：cmTC_90b20/fast] 错误 2


Source file was:
#include <pthread.h>

void* test_func(void* data)
{
  return data;
}

int main(void)
{
  pthread_t thread;
  pthread_create(&thread, NULL, test_func, NULL);
  pthread_detach(thread);
  pthread_join(thread, NULL);
  pthread_atfork(NULL, NULL, NULL);
  pthread_exit(NULL);

  return 0;
}

Determining if the function pthread_create exists in the pthreads failed with the following output:
Change Dir: /home/jiangyu/catkin_jiangyu/src/rebot3i/build/CMakeFiles/CMakeTmp

Run Build Command(s):/usr/bin/make cmTC_635c3/fast && /usr/bin/make -f CMakeFiles/cmTC_635c3.dir/build.make CMakeFiles/cmTC_635c3.dir/build
make[1]: 进入目录“/home/jiangyu/catkin_jiangyu/src/rebot3i/build/CMakeFiles/CMakeTmp”
Building C object CMakeFiles/cmTC_635c3.dir/CheckFunctionExists.c.o
/usr/bin/cc   -DCHECK_FUNCTION_EXISTS=pthread_create   -o CMakeFiles/cmTC_635c3.dir/CheckFunctionExists.c.o   -c /usr/share/cmake-3.16/Modules/CheckFunctionExists.c
Linking C executable cmTC_635c3
/usr/bin/cmake -E cmake_link_script CMakeFiles/cmTC_635c3.dir/link.txt --verbose=1
/usr/bin/cc  -DCHECK_FUNCTION_EXISTS=pthread_create    -rdynamic CMakeFiles/cmTC_635c3.dir/CheckFunctionExists.c.o  -o cmTC_635c3  -lpthreads 
/usr/bin/ld: 找不到 -lpthreads
collect2: error: ld returned 1 exit status
make[1]: *** [CMakeFiles/cmTC_635c3.dir/build.make:87：cmTC_635c3] 错误 1
make[1]: 离开目录“/home/jiangyu/catkin_jiangyu/src/rebot3i/build/CMakeFiles/CMakeTmp”
make: *** [Makefile:121：cmTC_635c3/fast] 错误 2



Performing C SOURCE FILE Test CMAKE_HAVE_LIBC_PTHREAD failed with the following output:
Change Dir: /home/jiangyu/catkin_jiangyu/src/rebot3i/build/CMakeFiles/CMakeTmp

Run Build Command(s):/usr/bin/ninja cmTC_c5feb && [1/2] Building C object CMakeFiles/cmTC_c5feb.dir/src.c.o
[2/2] Linking C executable cmTC_c5feb
FAILED: cmTC_c5feb 
: && /bin/x86_64-linux-gnu-gcc-9 -DCMAKE_HAVE_LIBC_PTHREAD  -rdynamic CMakeFiles/cmTC_c5feb.dir/src.c.o  -o cmTC_c5feb   && :
/usr/bin/ld: CMakeFiles/cmTC_c5feb.dir/src.c.o: in function `main':
src.c:(.text+0x46): undefined reference to `pthread_create'
/usr/bin/ld: src.c:(.text+0x52): undefined reference to `pthread_detach'
/usr/bin/ld: src.c:(.text+0x63): undefined reference to `pthread_join'
collect2: error: ld returned 1 exit status
ninja: build stopped: subcommand failed.


Source file was:
#include <pthread.h>

void* test_func(void* data)
{
  return data;
}

int main(void)
{
  pthread_t thread;
  pthread_create(&thread, NULL, test_func, NULL);
  pthread_detach(thread);
  pthread_join(thread, NULL);
  pthread_atfork(NULL, NULL, NULL);
  pthread_exit(NULL);

  return 0;
}

Determining if the function pthread_create exists in the pthreads failed with the following output:
Change Dir: /home/jiangyu/catkin_jiangyu/src/rebot3i/build/CMakeFiles/CMakeTmp

Run Build Command(s):/usr/bin/ninja cmTC_eec11 && [1/2] Building C object CMakeFiles/cmTC_eec11.dir/CheckFunctionExists.c.o
[2/2] Linking C executable cmTC_eec11
FAILED: cmTC_eec11 
: && /bin/x86_64-linux-gnu-gcc-9 -DCHECK_FUNCTION_EXISTS=pthread_create  -rdynamic CMakeFiles/cmTC_eec11.dir/CheckFunctionExists.c.o  -o cmTC_eec11  -lpthreads && :
/usr/bin/ld: 找不到 -lpthreads
collect2: error: ld returned 1 exit status
ninja: build stopped: subcommand failed.



